2015-03-11 14:00:18,229 - [INFO] - from play in pool-4-thread-1 
Listening for HTTP on /0:0:0:0:0:0:0:0:9000

2015-03-11 14:00:25,205 - [INFO] - from play in play-internal-execution-context-1 
Application started (Dev)

2015-03-11 14:01:45,174 - [ERROR] - from application in New I/O worker #2 


! @6ledj832j - Internal server error, for (GET) [/Pueo] ->

play.PlayExceptions$CompilationException: Compilation error[value pueo is not a member of controllers.ReverseApplication]
	at play.PlayExceptions$CompilationException$.apply(PlayExceptions.scala:27) ~[na:na]
	at play.PlayExceptions$CompilationException$.apply(PlayExceptions.scala:27) ~[na:na]
	at scala.Option.map(Option.scala:145) ~[scala-library-2.11.1.jar:na]
	at play.PlayReloader$$anon$1$$anonfun$play$PlayReloader$$anon$$taskFailureHandler$1.apply(PlayReloader.scala:235) ~[na:na]
	at play.PlayReloader$$anon$1$$anonfun$play$PlayReloader$$anon$$taskFailureHandler$1.apply(PlayReloader.scala:230) ~[na:na]
	at scala.Option.map(Option.scala:145) ~[scala-library-2.11.1.jar:na]
	at play.PlayReloader$$anon$1.play$PlayReloader$$anon$$taskFailureHandler(PlayReloader.scala:230) ~[na:na]
	at play.PlayReloader$$anon$1$$anonfun$reload$2.apply(PlayReloader.scala:90) ~[na:na]
	at play.PlayReloader$$anon$1$$anonfun$reload$2.apply(PlayReloader.scala:90) ~[na:na]
	at scala.util.Either$LeftProjection.map(Either.scala:377) ~[scala-library-2.11.1.jar:na]
	at play.PlayReloader$$anon$1.reload(PlayReloader.scala:90) ~[na:na]
	at play.core.ReloadableApplication$$anonfun$get$1.apply(ApplicationProvider.scala:122) ~[play_2.11-2.3.7.jar:2.3.7]
	at play.core.ReloadableApplication$$anonfun$get$1.apply(ApplicationProvider.scala:120) ~[play_2.11-2.3.7.jar:2.3.7]
	at scala.concurrent.impl.Future$PromiseCompletingRunnable.liftedTree1$1(Future.scala:24) ~[scala-library-2.11.1.jar:na]
	at scala.concurrent.impl.Future$PromiseCompletingRunnable.run(Future.scala:24) ~[scala-library-2.11.1.jar:na]
	at scala.concurrent.forkjoin.ForkJoinTask$AdaptedRunnableAction.exec(ForkJoinTask.java:1361) ~[scala-library-2.11.1.jar:na]
	at scala.concurrent.forkjoin.ForkJoinTask.doExec(ForkJoinTask.java:260) ~[scala-library-2.11.1.jar:na]
	at scala.concurrent.forkjoin.ForkJoinPool$WorkQueue.runTask(ForkJoinPool.java:1339) ~[scala-library-2.11.1.jar:na]
	at scala.concurrent.forkjoin.ForkJoinPool.runWorker(ForkJoinPool.java:1979) ~[scala-library-2.11.1.jar:na]
	at scala.concurrent.forkjoin.ForkJoinWorkerThread.run(ForkJoinWorkerThread.java:107) ~[scala-library-2.11.1.jar:na]

2015-03-11 14:02:07,744 - [INFO] - from play in play-internal-execution-context-1 
Application started (Dev)

2015-03-11 14:06:41,189 - [INFO] - from play in play-internal-execution-context-2 
Application started (Dev)

2015-03-11 14:10:10,723 - [INFO] - from play in play-internal-execution-context-2 
Application started (Dev)

2015-03-11 14:14:35,169 - [INFO] - from play in play-internal-execution-context-2 
Application started (Dev)

2015-03-11 14:15:45,450 - [INFO] - from play in play-internal-execution-context-2 
Application started (Dev)

2015-03-11 14:16:24,661 - [INFO] - from play in play-internal-execution-context-2 
Application started (Dev)

2015-03-11 14:17:00,116 - [INFO] - from play in play-internal-execution-context-4 
Application started (Dev)

